Magma V2.27-2     Sun Aug 14 2022 12:59:31 on fibonacci [Seed = 917339869]

+-------------------------------------------------------------------+
|       This copy of Magma has been made available through a        |
|                   generous initiative of the                      |
|                                                                   |
|                         Simons Foundation                         |
|                                                                   |
| covering U.S. Colleges, Universities, Nonprofit Research entities,|
|               and their students, faculty, and staff              |
+-------------------------------------------------------------------+

Type ? for help.  Type <Ctrl>-D to quit.

Loading file "FindExceptionalAgreeableClosures.m"
Loading "../main/FindOpenImage.m"
Loading "../precomputation/ComputeFrobData.m"
Loading "../main/GL2GroupTheory.m"
Loading "../main/ModularCurves.m"
Loading "../data-files/cyclic_invariant_polynomials.m"
-------------------------------
j= 6838755720062350457411072
Time: 64.320
<6838755720062350457411072, 84, [
    [ 49, 24, 72, 73 ],
    [ 29, 0, 0, 1 ],
    [ 29, 0, 0, 29 ],
    [ 43, 0, 42, 43 ],
    [ 1, 21, 21, 22 ],
    [ 29, 28, 28, 1 ],
    [ 37, 0, 0, 37 ],
    [ 1, 42, 42, 1 ],
    [ 13, 72, 48, 1 ],
    [ 43, 63, 0, 1 ],
    [ 13, 48, 60, 61 ],
    [ 16, 81, 39, 40 ],
    [ 13, 0, 0, 13 ],
    [ 57, 56, 28, 57 ],
    [ 1, 42, 0, 1 ]
]>
-------------------------------
j= 66735540581252505802048
Time: 799.180
<66735540581252505802048, 168, [
    [ 49, 24, 72, 73 ],
    [ 1, 105, 0, 1 ],
    [ 65, 88, 88, 145 ],
    [ 121, 0, 0, 121 ],
    [ 85, 21, 21, 106 ],
    [ 1, 84, 0, 1 ],
    [ 85, 0, 0, 85 ],
    [ 41, 16, 112, 1 ],
    [ 57, 56, 112, 57 ],
    [ 113, 0, 0, 1 ],
    [ 97, 72, 48, 1 ],
    [ 85, 126, 126, 1 ],
    [ 1, 0, 84, 1 ],
    [ 43, 84, 126, 43 ],
    [ 16, 81, 81, 40 ],
    [ 97, 0, 0, 97 ],
    [ 113, 0, 0, 113 ],
    [ 1, 42, 0, 1 ],
    [ 43, 0, 0, 1 ]
]>
-------------------------------
j= 6225959949099011451/32768
Time: 256.190
<6225959949099011451/32768, 120, [
    [ 1, 0, 60, 1 ],
    [ 61, 0, 0, 61 ],
    [ 61, 45, 45, 106 ],
    [ 49, 72, 0, 1 ],
    [ 1, 0, 72, 97 ],
    [ 41, 0, 0, 41 ],
    [ 61, 45, 0, 1 ],
    [ 1, 0, 96, 49 ],
    [ 31, 15, 0, 1 ],
    [ 81, 40, 80, 81 ],
    [ 91, 60, 30, 91 ],
    [ 1, 90, 0, 1 ],
    [ 1, 60, 0, 1 ],
    [ 56, 25, 55, 16 ],
    [ 49, 0, 0, 49 ],
    [ 97, 0, 72, 73 ],
    [ 1, 80, 40, 1 ],
    [ 61, 30, 30, 1 ]
]>
-------------------------------
j= 24992518538304
Time: 17.110
<24992518538304, 72, [
    [ 37, 54, 54, 1 ],
    [ 1, 64, 16, 17 ],
    [ 17, 0, 0, 17 ],
    [ 19, 36, 54, 19 ],
    [ 41, 64, 64, 49 ],
    [ 37, 45, 45, 10 ],
    [ 1, 18, 0, 1 ],
    [ 65, 8, 48, 17 ],
    [ 37, 0, 0, 37 ],
    [ 40, 41, 63, 32 ],
    [ 1, 0, 36, 1 ],
    [ 37, 45, 0, 1 ],
    [ 25, 0, 0, 25 ],
    [ 55, 63, 0, 1 ],
    [ 1, 36, 0, 1 ]
]>
-------------------------------
j= 136878750000
Time: 21.250
Found smaller group
Time: 7.710
<136878750000, 100, [
    [ 1, 0, 50, 1 ],
    [ 1, 50, 0, 1 ],
    [ 89, 0, 40, 29 ],
    [ 8, 65, 65, 28 ],
    [ 81, 0, 0, 81 ],
    [ 47, 42, 22, 23 ],
    [ 43, 0, 0, 43 ],
    [ 51, 0, 0, 51 ],
    [ 89, 40, 40, 9 ],
    [ 37, 64, 28, 89 ],
    [ 33, 30, 19, 67 ],
    [ 76, 25, 75, 1 ],
    [ 89, 54, 83, 11 ]
]>
-------------------------------
j= 38477541376
Time: 12.170
<38477541376, 30, [
    [ 1, 0, 24, 1 ],
    [ 11, 0, 0, 1 ],
    [ 19, 0, 0, 1 ],
    [ 1, 0, 0, 19 ],
    [ 7, 0, 0, 1 ],
    [ 26, 25, 25, 16 ],
    [ 1, 15, 15, 16 ],
    [ 1, 0, 0, 7 ],
    [ 11, 0, 0, 11 ],
    [ 21, 10, 20, 21 ]
]>
-------------------------------
j= 15786448344
Time: 16.330
<15786448344, 72, [
    [ 37, 54, 54, 1 ],
    [ 1, 64, 16, 17 ],
    [ 17, 0, 0, 17 ],
    [ 19, 36, 54, 19 ],
    [ 41, 64, 64, 49 ],
    [ 37, 45, 45, 10 ],
    [ 1, 18, 0, 1 ],
    [ 65, 8, 48, 17 ],
    [ 37, 0, 0, 37 ],
    [ 40, 41, 63, 32 ],
    [ 1, 0, 36, 1 ],
    [ 37, 45, 0, 1 ],
    [ 25, 0, 0, 25 ],
    [ 55, 63, 0, 1 ],
    [ 1, 36, 0, 1 ]
]>
-------------------------------
j= 210720960000000/16807
Time: 9.440
<210720960000000/16807, 25, [
    [ 0, 18, 16, 10 ],
    [ 18, 0, 0, 18 ],
    [ 16, 0, 0, 16 ],
    [ 1, 20, 20, 18 ],
    [ 19, 0, 0, 19 ]
]>
-------------------------------
j= 68769820673/16
Time: 0.050
<68769820673/16, 16, [
    [ 3, 8, 4, 1 ],
    [ 9, 2, 0, 15 ],
    [ 13, 5, 14, 1 ],
    [ 9, 0, 0, 9 ],
    [ 15, 0, 0, 15 ],
    [ 3, 0, 0, 3 ]
]>
-------------------------------
j= 550731776
Time: 0.220
<550731776, 14, [
    [ 1, 12, 8, 13 ],
    [ 3, 8, 0, 11 ],
    [ 1, 7, 7, 8 ],
    [ 9, 0, 0, 9 ],
    [ 2, 11, 11, 12 ],
    [ 3, 4, 12, 7 ],
    [ 13, 0, 0, 13 ]
]>
-------------------------------
j= 90616364985637924505590372621162077487104/197650497353702094308570556640625
Time: 0.760
<90616364985637924505590372621162077487104/197650497353702094308570556640625, 
13, [
    [ 7, 0, 0, 7 ],
    [ 12, 0, 0, 12 ],
    [ 1, 8, 8, 0 ],
    [ 3, 0, 0, 3 ],
    [ 7, 6, 0, 9 ]
]>
-------------------------------
j= 215694547296795302321664/4177248169415651
Time: 24.320
<215694547296795302321664/4177248169415651, 60, [
    [ 37, 0, 12, 13 ],
    [ 41, 0, 0, 41 ],
    [ 49, 12, 0, 1 ],
    [ 21, 40, 20, 21 ],
    [ 1, 45, 0, 1 ],
    [ 1, 30, 0, 1 ],
    [ 1, 30, 30, 1 ],
    [ 56, 25, 25, 16 ],
    [ 1, 45, 45, 46 ],
    [ 49, 0, 0, 49 ],
    [ 1, 0, 12, 37 ],
    [ 1, 20, 40, 1 ],
    [ 1, 0, 36, 49 ],
    [ 31, 0, 30, 31 ]
]>
-------------------------------
j= 2672876978743335041728512000/122130132904968017083
Time: 121.110
<2672876978743335041728512000/122130132904968017083, 11, [
    [ 3, 4, 4, 2 ],
    [ 3, 1, 1, 8 ],
    [ 6, 4, 0, 5 ]
]>
-------------------------------
j= 16974593
Time: 6.060
<16974593, 48, [
    [ 16, 3, 21, 16 ],
    [ 13, 36, 36, 37 ],
    [ 31, 0, 0, 31 ],
    [ 1, 0, 24, 25 ],
    [ 1, 0, 0, 17 ],
    [ 7, 6, 6, 19 ],
    [ 33, 32, 16, 33 ],
    [ 1, 12, 0, 37 ],
    [ 1, 24, 24, 1 ],
    [ 17, 0, 0, 17 ],
    [ 1, 0, 6, 19 ],
    [ 17, 4, 16, 37 ],
    [ 37, 0, 0, 37 ]
]>
-------------------------------
j= 777228872334890625/60523872256
Time: 0.160
<777228872334890625/60523872256, 32, [
    [ 31, 0, 0, 31 ],
    [ 17, 0, 0, 17 ],
    [ 23, 0, 0, 23 ],
    [ 13, 28, 6, 11 ],
    [ 29, 0, 0, 29 ],
    [ 7, 31, 22, 25 ],
    [ 25, 9, 22, 23 ],
    [ 21, 16, 18, 23 ]
]>
-------------------------------
j= 82881856/27
Time: 0.330
<82881856/27, 24, [
    [ 7, 0, 0, 7 ],
    [ 1, 14, 16, 1 ],
    [ 11, 18, 0, 1 ],
    [ 13, 12, 12, 13 ],
    [ 1, 12, 12, 1 ],
    [ 13, 0, 0, 1 ],
    [ 9, 2, 10, 9 ],
    [ 17, 0, 0, 17 ],
    [ 1, 6, 18, 1 ],
    [ 13, 0, 0, 13 ],
    [ 16, 9, 9, 4 ]
]>
-------------------------------
j= 15084602497088704/8303765625
Time: 0.280
<15084602497088704/8303765625, 24, [
    [ 17, 18, 18, 1 ],
    [ 9, 8, 16, 9 ],
    [ 7, 0, 0, 7 ],
    [ 8, 1, 19, 16 ],
    [ 1, 0, 0, 19 ],
    [ 1, 12, 12, 1 ],
    [ 13, 0, 0, 1 ],
    [ 17, 0, 0, 17 ],
    [ 1, 6, 18, 1 ],
    [ 19, 0, 0, 19 ],
    [ 13, 0, 0, 13 ]
]>
-------------------------------
j= 4543847424/3125
-------------------------------
j= 419904
Time: 15.920
<419904, 72, [
    [ 37, 54, 54, 1 ],
    [ 1, 64, 16, 17 ],
    [ 17, 0, 0, 17 ],
    [ 19, 36, 54, 19 ],
    [ 41, 64, 64, 49 ],
    [ 37, 45, 45, 10 ],
    [ 1, 18, 0, 1 ],
    [ 65, 8, 48, 17 ],
    [ 37, 0, 0, 37 ],
    [ 40, 41, 63, 32 ],
    [ 1, 0, 36, 1 ],
    [ 37, 45, 0, 1 ],
    [ 25, 0, 0, 25 ],
    [ 55, 63, 0, 1 ],
    [ 1, 36, 0, 1 ]
]>
-------------------------------
j= 110592
Time: 3.110
<110592, 18, [
    [ 17, 0, 0, 17 ],
    [ 1, 0, 0, 13 ],
    [ 10, 1, 13, 14 ],
    [ 1, 12, 12, 1 ],
    [ 3, 14, 16, 15 ],
    [ 1, 9, 9, 10 ],
    [ 1, 0, 0, 11 ],
    [ 7, 0, 0, 13 ]
]>
-------------------------------
j= 78608
Time: 0.020
<78608, 16, [
    [ 3, 7, 10, 5 ],
    [ 13, 11, 10, 13 ],
    [ 11, 1, 6, 9 ],
    [ 9, 0, 0, 9 ],
    [ 15, 0, 0, 15 ],
    [ 3, 0, 0, 3 ]
]>
-------------------------------
j= 16974593/256
Time: 0.020
<16974593/256, 16, [
    [ 9, 4, 8, 13 ],
    [ 9, 1, 6, 5 ],
    [ 9, 0, 0, 9 ],
    [ 13, 11, 10, 7 ],
    [ 15, 0, 0, 15 ],
    [ 3, 0, 0, 3 ]
]>
-------------------------------
j= 2268945/128
Time: 0.600
<2268945/128, 56, [
    [ 49, 8, 8, 49 ],
    [ 29, 0, 0, 29 ],
    [ 29, 49, 0, 1 ],
    [ 1, 42, 0, 1 ],
    [ 9, 0, 0, 9 ],
    [ 1, 7, 49, 8 ],
    [ 43, 0, 0, 43 ],
    [ 25, 0, 0, 1 ],
    [ 55, 0, 0, 55 ],
    [ 15, 0, 0, 1 ],
    [ 17, 0, 0, 41 ]
]>
-------------------------------
j= 806764685224507983/56693912375296
Time: 11.410
<806764685224507983/56693912375296, 48, [
    [ 17, 18, 18, 1 ],
    [ 1, 0, 24, 1 ],
    [ 19, 0, 0, 37 ],
    [ 16, 3, 21, 16 ],
    [ 17, 16, 32, 17 ],
    [ 31, 0, 0, 31 ],
    [ 1, 24, 0, 1 ],
    [ 1, 36, 12, 1 ],
    [ 25, 18, 18, 1 ],
    [ 33, 32, 16, 33 ],
    [ 1, 0, 36, 7 ],
    [ 17, 0, 0, 17 ],
    [ 25, 24, 24, 25 ],
    [ 37, 0, 0, 37 ]
]>
-------------------------------
j= 30081024/3125
-------------------------------
j= 11225615440/1594323
Time: 0.650
<11225615440/1594323, 13, [
    [ 7, 0, 0, 7 ],
    [ 12, 0, 0, 12 ],
    [ 1, 8, 8, 0 ],
    [ 3, 0, 0, 3 ],
    [ 7, 6, 0, 9 ]
]>
-------------------------------
j= 4913
Time: 5.540
<4913, 48, [
    [ 16, 3, 21, 16 ],
    [ 13, 36, 36, 37 ],
    [ 31, 0, 0, 31 ],
    [ 1, 0, 24, 25 ],
    [ 1, 0, 0, 17 ],
    [ 7, 6, 6, 19 ],
    [ 33, 32, 16, 33 ],
    [ 1, 12, 0, 37 ],
    [ 1, 24, 24, 1 ],
    [ 17, 0, 0, 17 ],
    [ 1, 0, 6, 19 ],
    [ 17, 4, 16, 37 ],
    [ 37, 0, 0, 37 ]
]>
-------------------------------
j= 4374
Time: 15.880
<4374, 72, [
    [ 37, 54, 54, 1 ],
    [ 1, 64, 16, 17 ],
    [ 17, 0, 0, 17 ],
    [ 19, 36, 54, 19 ],
    [ 41, 64, 64, 49 ],
    [ 37, 45, 45, 10 ],
    [ 1, 18, 0, 1 ],
    [ 65, 8, 48, 17 ],
    [ 37, 0, 0, 37 ],
    [ 40, 41, 63, 32 ],
    [ 1, 0, 36, 1 ],
    [ 37, 45, 0, 1 ],
    [ 25, 0, 0, 25 ],
    [ 55, 63, 0, 1 ],
    [ 1, 36, 0, 1 ]
]>
-------------------------------
j= 4096
Time: 12.430
<4096, 30, [
    [ 1, 0, 24, 1 ],
    [ 11, 0, 0, 1 ],
    [ 19, 0, 0, 1 ],
    [ 1, 0, 0, 19 ],
    [ 7, 0, 0, 1 ],
    [ 26, 25, 25, 16 ],
    [ 1, 15, 15, 16 ],
    [ 1, 0, 0, 7 ],
    [ 11, 0, 0, 11 ],
    [ 21, 10, 20, 21 ]
]>
-------------------------------
j= 1906624/729
Time: 0.220
<1906624/729, 24, [
    [ 10, 17, 1, 16 ],
    [ 7, 0, 0, 7 ],
    [ 19, 0, 0, 1 ],
    [ 13, 12, 12, 13 ],
    [ 1, 12, 12, 1 ],
    [ 17, 0, 0, 17 ],
    [ 21, 16, 8, 9 ],
    [ 1, 18, 18, 1 ],
    [ 1, 12, 0, 1 ],
    [ 13, 0, 0, 13 ],
    [ 8, 17, 17, 16 ]
]>
-------------------------------
j= 2048
Time: 0.030
<2048, 16, [
    [ 13, 7, 10, 1 ],
    [ 9, 0, 0, 9 ],
    [ 15, 0, 0, 15 ],
    [ 5, 15, 2, 15 ],
    [ 9, 9, 14, 7 ],
    [ 3, 0, 0, 3 ]
]>
-------------------------------
j= 109503/64
Time: 0.050
<109503/64, 12, [
    [ 5, 4, 0, 1 ],
    [ 7, 3, 0, 1 ],
    [ 10, 9, 9, 7 ],
    [ 1, 8, 4, 9 ],
    [ 1, 9, 0, 7 ]
]>
-------------------------------
j= 3375/2
Time: 174.320
<3375/2, 168, [
    [ 157, 21, 0, 1 ],
    [ 73, 126, 0, 1 ],
    [ 113, 112, 0, 1 ],
    [ 31, 21, 0, 1 ],
    [ 19, 21, 57, 58 ],
    [ 4, 147, 57, 55 ],
    [ 57, 112, 56, 1 ],
    [ 73, 0, 0, 1 ]
]>
-------------------------------
j= 46969655/32768
Time: 56.530
<46969655/32768, 120, [
    [ 31, 45, 0, 1 ],
    [ 81, 40, 80, 1 ],
    [ 97, 30, 0, 1 ],
    [ 41, 40, 0, 1 ],
    [ 61, 45, 0, 1 ],
    [ 97, 0, 0, 1 ],
    [ 43, 45, 81, 82 ],
    [ 49, 60, 0, 1 ]
]>
-------------------------------
j= 5088980530576216000/4177248169415651
Time: 304.920
<5088980530576216000/4177248169415651, 120, [
    [ 1, 0, 60, 1 ],
    [ 61, 0, 0, 61 ],
    [ 1, 105, 0, 1 ],
    [ 25, 72, 72, 49 ],
    [ 61, 45, 45, 106 ],
    [ 41, 0, 0, 41 ],
    [ 81, 40, 80, 81 ],
    [ 41, 0, 0, 1 ],
    [ 91, 60, 30, 91 ],
    [ 56, 25, 25, 16 ],
    [ 25, 48, 48, 1 ],
    [ 97, 72, 72, 1 ],
    [ 1, 90, 0, 1 ],
    [ 1, 60, 0, 1 ],
    [ 89, 88, 40, 1 ],
    [ 73, 96, 96, 25 ],
    [ 91, 0, 0, 1 ],
    [ 61, 30, 30, 1 ]
]>
-------------------------------
j= 1026895/1024
Time: 0.110
<1026895/1024, 20, [
    [ 1, 0, 16, 1 ],
    [ 17, 0, 0, 1 ],
    [ 16, 15, 5, 16 ],
    [ 11, 15, 0, 1 ],
    [ 1, 0, 0, 17 ]
]>
-------------------------------
j= 339071334684521624665810041360384000/480250763996501976790165756943041
Time: 0.340
<339071334684521624665810041360384000/480250763996501976790165756943041, 24, [
    [ 23, 15, 0, 1 ],
    [ 17, 0, 0, 17 ],
    [ 7, 0, 0, 7 ],
    [ 10, 9, 9, 19 ],
    [ 19, 21, 21, 16 ],
    [ 1, 9, 9, 10 ],
    [ 17, 16, 8, 17 ],
    [ 22, 9, 9, 7 ],
    [ 13, 0, 0, 13 ],
    [ 9, 8, 16, 9 ]
]>
-------------------------------
j= 432
Time: 4.430
<432, 60, [
    [ 43, 33, 0, 1 ],
    [ 41, 40, 0, 1 ],
    [ 37, 3, 21, 40 ],
    [ 49, 42, 0, 1 ],
    [ 37, 54, 0, 1 ],
    [ 21, 40, 20, 1 ]
]>
-------------------------------
j= 1331/8
Time: 19.530
Found smaller group
Warning: have candidate only; need to check directly 1331/8
Time: 89.620
<1331/8, 120, [
    [ 81, 110, 5, 111 ],
    [ 61, 0, 0, 61 ],
    [ 1, 30, 60, 1 ],
    [ 41, 0, 0, 41 ],
    [ 61, 30, 90, 1 ],
    [ 71, 15, 0, 1 ],
    [ 11, 0, 0, 11 ],
    [ 1, 0, 15, 31 ],
    [ 21, 100, 116, 57 ],
    [ 1, 0, 84, 1 ],
    [ 1, 0, 48, 49 ],
    [ 1, 15, 78, 79 ],
    [ 61, 60, 60, 61 ],
    [ 1, 60, 0, 1 ],
    [ 49, 0, 0, 49 ],
    [ 1, 105, 15, 16 ],
    [ 13, 0, 0, 13 ]
]>
-------------------------------
j= 351/4
Time: 0.060
<351/4, 28, [
    [ 13, 0, 0, 13 ],
    [ 1, 21, 0, 15 ],
    [ 1, 0, 8, 1 ],
    [ 17, 0, 0, 1 ],
    [ 22, 21, 21, 15 ],
    [ 1, 0, 8, 9 ],
    [ 15, 7, 0, 1 ]
]>
-------------------------------
j= 20480/243
Time: 19.570
<20480/243, 5, [
    [ 1, 0, 0, 2 ],
    [ 2, 0, 0, 3 ],
    [ 1, 0, 1, 1 ]
]>
-------------------------------
j= 141526649406897/1973822685184
Time: 12.430
<141526649406897/1973822685184, 48, [
    [ 7, 24, 0, 1 ],
    [ 34, 33, 3, 34 ],
    [ 13, 24, 24, 37 ],
    [ 7, 0, 0, 7 ],
    [ 16, 3, 21, 16 ],
    [ 17, 16, 32, 17 ],
    [ 31, 12, 36, 31 ],
    [ 31, 0, 0, 31 ],
    [ 1, 0, 0, 19 ],
    [ 23, 0, 0, 1 ],
    [ 33, 32, 16, 33 ],
    [ 17, 0, 0, 17 ],
    [ 37, 0, 0, 37 ]
]>
-------------------------------
j= 64
Time: 612.030
Found smaller group
Time: 5154.420
<64, 360, [
    [ 201, 80, 40, 321 ],
    [ 1, 0, 216, 1 ],
    [ 1, 270, 90, 181 ],
    [ 253, 0, 216, 37 ],
    [ 1, 180, 0, 1 ],
    [ 281, 120, 120, 41 ],
    [ 91, 0, 0, 91 ],
    [ 1, 90, 0, 1 ],
    [ 181, 0, 0, 181 ],
    [ 107, 0, 0, 107 ],
    [ 161, 0, 0, 161 ],
    [ 181, 180, 180, 181 ],
    [ 121, 0, 0, 121 ],
    [ 271, 45, 45, 46 ],
    [ 281, 120, 120, 161 ],
    [ 331, 235, 226, 77 ],
    [ 289, 0, 0, 289 ],
    [ 271, 225, 216, 217 ],
    [ 211, 260, 20, 311 ],
    [ 41, 0, 216, 1 ],
    [ 103, 85, 148, 257 ]
]>
-------------------------------
j= 3375/64
Time: 0.200
Found smaller group
Warning: have candidate only; need to check directly 3375/64
Time: 0.030
<3375/64, 12, [
    [ 0, 7, 5, 0 ],
    [ 10, 3, 3, 1 ],
    [ 7, 0, 0, 7 ],
    [ 5, 0, 0, 5 ],
    [ 10, 9, 9, 10 ],
    [ 4, 3, 9, 8 ]
]>
-------------------------------
j= -25/2
Time: 54.070
<-25/2, 120, [
    [ 31, 45, 0, 1 ],
    [ 81, 40, 80, 1 ],
    [ 97, 30, 0, 1 ],
    [ 41, 40, 0, 1 ],
    [ 61, 45, 0, 1 ],
    [ 97, 0, 0, 1 ],
    [ 43, 45, 81, 82 ],
    [ 49, 60, 0, 1 ]
]>
-------------------------------
j= -36
Time: 0.020
<-36, 20, [
    [ 17, 8, 16, 5 ],
    [ 6, 5, 5, 11 ],
    [ 1, 5, 0, 11 ],
    [ 11, 15, 0, 1 ],
    [ 17, 4, 0, 1 ]
]>
-------------------------------
j= -47675785945529664000/929293739471222707
Time: 0.550
<-47675785945529664000/929293739471222707, 44, [
    [ 21, 0, 0, 21 ],
    [ 36, 1, 1, 8 ],
    [ 1, 22, 22, 1 ],
    [ 1, 22, 0, 1 ],
    [ 23, 0, 22, 23 ],
    [ 25, 0, 0, 25 ],
    [ 33, 16, 16, 29 ],
    [ 1, 33, 0, 1 ],
    [ 1, 8, 8, 21 ],
    [ 1, 33, 33, 34 ],
    [ 13, 20, 20, 41 ]
]>
-------------------------------
j= -121
Time: 0.580
<-121, 44, [
    [ 17, 8, 0, 41 ],
    [ 23, 0, 0, 23 ],
    [ 1, 22, 0, 1 ],
    [ 23, 33, 0, 1 ],
    [ 9, 0, 0, 9 ],
    [ 43, 0, 0, 43 ],
    [ 21, 40, 0, 1 ],
    [ 21, 32, 0, 1 ],
    [ 1, 11, 33, 12 ]
]>
-------------------------------
j= -216
Time: 48.900
Found smaller group
Time: 22.140
<-216, 72, [
    [ 1, 27, 54, 55 ],
    [ 17, 0, 0, 17 ],
    [ 1, 24, 24, 49 ],
    [ 37, 36, 36, 37 ],
    [ 37, 54, 18, 1 ],
    [ 19, 0, 0, 19 ],
    [ 64, 65, 31, 64 ],
    [ 65, 48, 48, 41 ],
    [ 19, 18, 36, 19 ],
    [ 57, 32, 16, 33 ],
    [ 1, 36, 0, 1 ],
    [ 49, 0, 0, 49 ],
    [ 7, 32, 8, 65 ],
    [ 55, 0, 0, 55 ],
    [ 10, 27, 27, 37 ]
]>
-------------------------------
j= -18234932071051198464000/48661191875666868481
Time: 0.010
<-18234932071051198464000/48661191875666868481, 16, [
    [ 7, 9, 7, 14 ],
    [ 9, 0, 0, 9 ],
    [ 15, 0, 0, 15 ],
    [ 3, 0, 0, 3 ],
    [ 5, 6, 1, 11 ],
    [ 3, 13, 10, 13 ]
]>
-------------------------------
j= -1159088625/2097152
Time: 167.740
<-1159088625/2097152, 168, [
    [ 157, 21, 0, 1 ],
    [ 73, 126, 0, 1 ],
    [ 113, 112, 0, 1 ],
    [ 31, 21, 0, 1 ],
    [ 19, 21, 57, 58 ],
    [ 4, 147, 57, 55 ],
    [ 57, 112, 56, 1 ],
    [ 73, 0, 0, 1 ]
]>
-------------------------------
j= -131375418677056/177978515625
Time: 0.280
<-131375418677056/177978515625, 24, [
    [ 9, 8, 16, 9 ],
    [ 8, 1, 11, 8 ],
    [ 7, 0, 0, 7 ],
    [ 1, 12, 12, 1 ],
    [ 17, 0, 0, 17 ],
    [ 16, 3, 3, 16 ],
    [ 1, 18, 18, 1 ],
    [ 1, 12, 0, 1 ],
    [ 19, 0, 0, 19 ],
    [ 5, 0, 0, 1 ],
    [ 13, 0, 0, 13 ]
]>
-------------------------------
j= -631595585199146625/218340105584896
Time: 0.060
<-631595585199146625/218340105584896, 32, [
    [ 23, 0, 0, 23 ],
    [ 7, 18, 0, 19 ],
    [ 29, 0, 0, 29 ],
    [ 31, 0, 0, 31 ],
    [ 9, 15, 8, 11 ],
    [ 17, 0, 0, 17 ],
    [ 1, 29, 22, 31 ],
    [ 13, 21, 22, 11 ]
]>
-------------------------------
j= -121945/32
Time: 53.040
<-121945/32, 120, [
    [ 31, 45, 0, 1 ],
    [ 81, 40, 80, 1 ],
    [ 97, 30, 0, 1 ],
    [ 41, 40, 0, 1 ],
    [ 61, 45, 0, 1 ],
    [ 97, 0, 0, 1 ],
    [ 43, 45, 81, 82 ],
    [ 49, 60, 0, 1 ]
]>
-------------------------------
j= -5000
Time: 0.680
Found smaller group
Time: 0.440
<-5000, 40, [
    [ 33, 24, 32, 17 ],
    [ 1, 0, 16, 9 ],
    [ 31, 30, 30, 11 ],
    [ 29, 0, 0, 29 ],
    [ 33, 0, 0, 33 ],
    [ 33, 34, 37, 7 ],
    [ 1, 0, 20, 1 ],
    [ 21, 20, 20, 21 ],
    [ 21, 0, 0, 21 ],
    [ 31, 20, 10, 31 ],
    [ 31, 25, 32, 17 ],
    [ 31, 25, 25, 6 ],
    [ 31, 0, 0, 31 ]
]>
-------------------------------
j= -882216989/131072
Time: 5.790
<-882216989/131072, 17, [
    [ 15, 0, 0, 12 ],
    [ 13, 0, 0, 13 ],
    [ 16, 0, 0, 16 ],
    [ 6, 0, 0, 6 ],
    [ 8, 13, 0, 12 ]
]>
-------------------------------
j= -35937/4
Time: 0.030
<-35937/4, 12, [
    [ 5, 4, 0, 1 ],
    [ 7, 3, 0, 1 ],
    [ 10, 9, 9, 7 ],
    [ 1, 8, 4, 9 ],
    [ 1, 9, 0, 7 ]
]>
-------------------------------
j= -9317
Time: 51.640
<-9317, 37, [
    [ 8, 30, 0, 3 ],
    [ 22, 0, 0, 22 ],
    [ 36, 0, 0, 36 ],
    [ 27, 18, 0, 18 ]
]>
-------------------------------
j= -13824
Time: 0.190
Found smaller group
Time: 0.080
<-13824, 12, [
    [ 9, 4, 8, 9 ],
    [ 7, 5, 4, 7 ],
    [ 7, 0, 0, 7 ],
    [ 1, 0, 6, 1 ],
    [ 1, 6, 6, 1 ],
    [ 8, 9, 9, 4 ],
    [ 10, 3, 3, 1 ],
    [ 5, 0, 0, 5 ],
    [ 4, 11, 1, 4 ]
]>
-------------------------------
j= -140625/8
Time: 167.890
<-140625/8, 168, [
    [ 157, 21, 0, 1 ],
    [ 73, 126, 0, 1 ],
    [ 113, 112, 0, 1 ],
    [ 31, 21, 0, 1 ],
    [ 19, 21, 57, 58 ],
    [ 4, 147, 57, 55 ],
    [ 57, 112, 56, 1 ],
    [ 73, 0, 0, 1 ]
]>
-------------------------------
j= -102400/3
Time: 19.190
<-102400/3, 5, [
    [ 1, 0, 0, 2 ],
    [ 2, 0, 0, 3 ],
    [ 1, 0, 1, 1 ]
]>
-------------------------------
j= -1680914269/32768
Time: 19.510
Found smaller group
Warning: have candidate only; need to check directly -1680914269/32768
Time: 91.520
<-1680914269/32768, 120, [
    [ 51, 95, 100, 21 ],
    [ 61, 0, 0, 61 ],
    [ 1, 30, 60, 1 ],
    [ 41, 0, 0, 41 ],
    [ 61, 30, 90, 1 ],
    [ 11, 0, 0, 11 ],
    [ 71, 45, 6, 97 ],
    [ 1, 0, 15, 31 ],
    [ 1, 0, 84, 1 ],
    [ 1, 0, 48, 49 ],
    [ 81, 80, 32, 33 ],
    [ 61, 60, 60, 61 ],
    [ 1, 60, 0, 1 ],
    [ 49, 0, 0, 49 ],
    [ 1, 105, 15, 16 ],
    [ 1, 60, 42, 43 ],
    [ 13, 0, 0, 13 ]
]>
-------------------------------
j= -64278657/1024
Time: 0.030
<-64278657/1024, 20, [
    [ 17, 8, 16, 5 ],
    [ 6, 5, 5, 11 ],
    [ 1, 5, 0, 11 ],
    [ 11, 15, 0, 1 ],
    [ 17, 4, 0, 1 ]
]>
-------------------------------
j= -82944
Time: 0.050
<-82944, 12, [
    [ 1, 0, 5, 11 ],
    [ 11, 5, 1, 0 ],
    [ 7, 0, 0, 7 ],
    [ 1, 10, 4, 5 ],
    [ 5, 0, 0, 5 ],
    [ 1, 6, 6, 7 ],
    [ 5, 4, 10, 1 ]
]>
-------------------------------
j= -160855552000/1594323
Time: 0.610
<-160855552000/1594323, 13, [
    [ 7, 0, 0, 7 ],
    [ 12, 0, 0, 12 ],
    [ 1, 8, 8, 0 ],
    [ 3, 0, 0, 3 ],
    [ 7, 6, 0, 9 ]
]>
-------------------------------
j= -9645037507360901960000/79792266297612001
Time: 0.490
<-9645037507360901960000/79792266297612001, 40, [
    [ 17, 24, 0, 1 ],
    [ 1, 20, 0, 1 ],
    [ 17, 8, 16, 25 ],
    [ 31, 15, 0, 1 ],
    [ 16, 25, 35, 16 ]
]>
-------------------------------
j= -138240
Time: 0.040
<-138240, 12, [
    [ 8, 5, 3, 4 ],
    [ 5, 8, 8, 1 ],
    [ 1, 1, 9, 10 ],
    [ 7, 0, 0, 7 ],
    [ 5, 0, 0, 5 ],
    [ 1, 6, 6, 7 ],
    [ 9, 4, 8, 9 ]
]>
-------------------------------
j= -316368
Time: 3.850
<-316368, 60, [
    [ 43, 33, 0, 1 ],
    [ 41, 40, 0, 1 ],
    [ 37, 3, 21, 40 ],
    [ 49, 42, 0, 1 ],
    [ 37, 54, 0, 1 ],
    [ 21, 40, 20, 1 ]
]>
-------------------------------
j= -227920097737283556595145924109375/602486784535040403801858901
Time: 27.830
<-227920097737283556595145924109375/602486784535040403801858901, 15, [
    [ 7, 12, 12, 1 ],
    [ 10, 3, 3, 1 ],
    [ 7, 0, 0, 7 ],
    [ 1, 10, 5, 1 ],
    [ 14, 13, 10, 1 ],
    [ 11, 0, 0, 11 ],
    [ 6, 10, 5, 6 ]
]>
-------------------------------
j= -1723025/4
Time: 0.100
<-1723025/4, 20, [
    [ 1, 0, 16, 1 ],
    [ 17, 0, 0, 1 ],
    [ 16, 15, 5, 16 ],
    [ 11, 15, 0, 1 ],
    [ 1, 0, 0, 17 ]
]>
-------------------------------
j= -425920000/243
Time: 11.070
Found smaller group
Time: 6.200
<-425920000/243, 5, [
    [ 1, 0, 2, 2 ],
    [ 2, 1, 0, 3 ],
    [ 2, 0, 2, 3 ]
]>
-------------------------------
j= -38575685889/16384
Time: 0.060
<-38575685889/16384, 28, [
    [ 13, 0, 0, 13 ],
    [ 1, 21, 0, 15 ],
    [ 1, 0, 8, 1 ],
    [ 17, 0, 0, 1 ],
    [ 22, 21, 21, 15 ],
    [ 1, 0, 8, 9 ],
    [ 15, 7, 0, 1 ]
]>
-------------------------------
j= -35817550197738955933474532061609984000/2301619141096101839813550846721
Time: 0.020
<-35817550197738955933474532061609984000/2301619141096101839813550846721, 16, [
    [ 7, 9, 7, 14 ],
    [ 9, 0, 0, 9 ],
    [ 15, 0, 0, 15 ],
    [ 3, 0, 0, 3 ],
    [ 5, 6, 1, 11 ],
    [ 3, 13, 10, 13 ]
]>
-------------------------------
j= -21024576
Time: 0.870
Found smaller group
Time: 7.110
<-21024576, 72, [
    [ 17, 0, 0, 17 ],
    [ 37, 36, 36, 37 ],
    [ 46, 9, 9, 19 ],
    [ 68, 19, 29, 68 ],
    [ 19, 0, 0, 19 ],
    [ 17, 32, 40, 29 ],
    [ 37, 0, 0, 37 ],
    [ 25, 0, 0, 25 ],
    [ 57, 68, 16, 33 ],
    [ 1, 36, 0, 1 ],
    [ 29, 48, 48, 5 ],
    [ 19, 19, 4, 5 ],
    [ 49, 0, 0, 25 ]
]>
-------------------------------
j= -24729001
Time: 0.650
<-24729001, 44, [
    [ 23, 0, 0, 23 ],
    [ 1, 22, 0, 1 ],
    [ 23, 33, 0, 1 ],
    [ 9, 0, 0, 9 ],
    [ 43, 0, 0, 43 ],
    [ 17, 16, 0, 37 ],
    [ 1, 40, 0, 21 ],
    [ 1, 12, 0, 1 ],
    [ 21, 28, 0, 1 ],
    [ 1, 11, 33, 12 ]
]>
-------------------------------
j= -349938025/8
Time: 54.100
<-349938025/8, 120, [
    [ 31, 45, 0, 1 ],
    [ 81, 40, 80, 1 ],
    [ 97, 30, 0, 1 ],
    [ 41, 40, 0, 1 ],
    [ 61, 45, 0, 1 ],
    [ 97, 0, 0, 1 ],
    [ 43, 45, 81, 82 ],
    [ 49, 60, 0, 1 ]
]>
-------------------------------
j= -44789760
Time: 1.170
<-44789760, 18, [
    [ 17, 0, 0, 17 ],
    [ 7, 0, 0, 7 ],
    [ 1, 10, 16, 17 ],
    [ 11, 8, 12, 17 ],
    [ 1, 9, 9, 10 ],
    [ 5, 10, 10, 13 ],
    [ 4, 5, 9, 14 ]
]>
-------------------------------
j= -110349050625/1024
Time: 0.370
<-110349050625/1024, 20, [
    [ 1, 0, 12, 17 ],
    [ 9, 12, 0, 1 ],
    [ 16, 15, 5, 16 ],
    [ 11, 15, 0, 1 ]
]>
-------------------------------
j= -297756989/2
Time: 5.820
<-297756989/2, 17, [
    [ 14, 9, 0, 9 ],
    [ 13, 14, 0, 13 ],
    [ 13, 0, 0, 13 ],
    [ 16, 0, 0, 16 ],
    [ 6, 0, 0, 6 ]
]>
-------------------------------
j= -1273201875
Time: 9.100
Found smaller group
Time: 4.560
<-1273201875, 30, [
    [ 25, 12, 12, 19 ],
    [ 21, 20, 10, 21 ],
    [ 11, 5, 25, 6 ],
    [ 13, 12, 24, 7 ],
    [ 12, 1, 23, 23 ],
    [ 11, 0, 0, 11 ],
    [ 7, 6, 18, 13 ],
    [ 1, 20, 20, 11 ],
    [ 7, 12, 17, 11 ],
    [ 19, 0, 0, 19 ],
    [ 13, 0, 0, 13 ]
]>
-------------------------------
j= -189613868625/128
Time: 168.560
<-189613868625/128, 168, [
    [ 157, 21, 0, 1 ],
    [ 73, 126, 0, 1 ],
    [ 113, 112, 0, 1 ],
    [ 31, 21, 0, 1 ],
    [ 19, 21, 57, 58 ],
    [ 4, 147, 57, 55 ],
    [ 57, 112, 56, 1 ],
    [ 73, 0, 0, 1 ]
]>
-------------------------------
j= -1815478272
Time: 8.770
<-1815478272, 20, [
    [ 16, 15, 5, 16 ],
    [ 11, 15, 0, 1 ],
    [ 17, 4, 0, 1 ],
    [ 1, 12, 12, 5 ]
]>
-------------------------------
j= -23788477376
Time: 603.790
Found smaller group
Time: 5569.120
<-23788477376, 360, [
    [ 1, 180, 0, 1 ],
    [ 107, 0, 0, 107 ],
    [ 223, 10, 82, 221 ],
    [ 161, 310, 70, 91 ],
    [ 161, 240, 240, 281 ],
    [ 77, 320, 76, 41 ],
    [ 91, 0, 0, 91 ],
    [ 221, 285, 330, 11 ],
    [ 1, 0, 216, 1 ],
    [ 271, 45, 45, 46 ],
    [ 289, 0, 0, 289 ],
    [ 181, 270, 180, 181 ],
    [ 251, 215, 170, 181 ],
    [ 201, 340, 140, 321 ],
    [ 253, 0, 216, 37 ],
    [ 121, 0, 0, 121 ],
    [ 181, 0, 0, 181 ],
    [ 161, 0, 0, 161 ],
    [ 181, 180, 180, 181 ],
    [ 271, 90, 90, 91 ],
    [ 281, 120, 120, 41 ]
]>
-------------------------------
j= -92515041526500
Time: 0.750
<-92515041526500, 36, [
    [ 17, 28, 0, 1 ],
    [ 13, 32, 0, 5 ],
    [ 19, 27, 0, 1 ],
    [ 28, 27, 9, 28 ],
    [ 13, 12, 32, 13 ]
]>
-------------------------------
j= -6357235796156406771/32768
Time: 293.090
<-6357235796156406771/32768, 120, [
    [ 31, 0, 0, 1 ],
    [ 61, 0, 0, 61 ],
    [ 1, 0, 60, 1 ],
    [ 61, 45, 45, 106 ],
    [ 41, 0, 0, 41 ],
    [ 61, 45, 0, 1 ],
    [ 1, 0, 96, 49 ],
    [ 81, 40, 80, 81 ],
    [ 73, 24, 72, 97 ],
    [ 41, 0, 0, 1 ],
    [ 91, 60, 30, 91 ],
    [ 1, 90, 0, 1 ],
    [ 1, 60, 0, 1 ],
    [ 49, 0, 0, 49 ],
    [ 41, 40, 40, 1 ],
    [ 97, 0, 72, 73 ],
    [ 61, 30, 30, 1 ],
    [ 16, 105, 87, 112 ]
]>
-------------------------------
j= -162677523113838677
Time: 58.630
<-162677523113838677, 37, [
    [ 2, 35, 0, 11 ],
    [ 2, 36, 0, 6 ],
    [ 22, 0, 0, 22 ],
    [ 36, 0, 0, 36 ]
]>
[* -1815478272, true,
    [ 4A0-4a, 1A0-1a, 5A0-5a, 1A0-1a, 1A0-1a, 1A0-1a, 1A0-1a, 1A0-1a, 1A0-1a ],
    {
        [ 9, 28, 1 ]
    }
*]
[* -425920000/243, true,
    [ 1A0-1a, 1A0-1a, 5E0-5a, 1A0-1a, 1A0-1a, 1A0-1a, 1A0-1a, 1A0-1a, 1A0-1a ],
    {
        [ -1/2, 1 ]
    }
*]
[* 2672876978743335041728512000/122130132904968017083, true,
    [ 1A0-1a, 1A0-1a, 1A0-1a, 1A0-1a, 11C1-11a, 1A0-1a, 1A0-1a, 1A0-1a, 1A0-1a 
    ],
    {
        [ -2, 3, 1 ]
    }
*]
[* 20480/243, true,
    [ 1A0-1a, 1A0-1a, 5B0-5a, 1A0-1a, 1A0-1a, 1A0-1a, 1A0-1a, 1A0-1a, 1A0-1a ],
    {
        [ -3/5, 1 ]
    }
*]
[* -102400/3, true,
    [ 1A0-1a, 1A0-1a, 5B0-5a, 1A0-1a, 1A0-1a, 1A0-1a, 1A0-1a, 1A0-1a, 1A0-1a ],
    {
        [ -1/3, 1 ]
    }
*]

Total time: 16832.120 [16834.612] seconds, Total memory usage: 11524.72MB
